<?xml version="1.0" encoding="UTF-8"?>
<testng-results total="2" passed="2" failed="0" skipped="0">
  <reporter-output>
  </reporter-output>
  <suite started-at="2022-07-11T03:09:46Z" name="Command line suite" finished-at="2022-07-11T03:10:43Z" duration-ms="57089">
    <groups>
    </groups>
    <test started-at="2022-07-11T03:09:46Z" name="Command line test" finished-at="2022-07-11T03:10:43Z" duration-ms="57089">
      <class name="example.TestTwo">
        <test-method signature="startShopping()[pri:0, instance:example.TestTwo@34b7ac2f]" started-at="2022-07-11T13:09:55Z" name="startShopping" finished-at="2022-07-11T13:10:37Z" duration-ms="42364" status="PASS">
          <reporter-output>
          </reporter-output>
        </test-method> <!-- startShopping -->
      </class> <!-- example.TestTwo -->
      <class name="example.TestOne">
        <test-method is-config="true" signature="beforeTest()[pri:0, instance:example.TestOne@49d904ec]" started-at="2022-07-11T13:09:46Z" name="beforeTest" finished-at="2022-07-11T13:09:47Z" duration-ms="1822" status="PASS">
          <reporter-output>
          </reporter-output>
        </test-method> <!-- beforeTest -->
        <test-method is-config="true" signature="beforeTest()[pri:0, instance:example.TestTwo@34b7ac2f]" started-at="2022-07-11T13:09:47Z" name="beforeTest" finished-at="2022-07-11T13:09:49Z" duration-ms="1279" status="PASS">
          <reporter-output>
          </reporter-output>
        </test-method> <!-- beforeTest -->
        <test-method signature="invalidLoginDetails()[pri:0, instance:example.TestOne@49d904ec]" started-at="2022-07-11T13:09:49Z" name="invalidLoginDetails" finished-at="2022-07-11T13:09:55Z" duration-ms="6283" status="PASS">
          <reporter-output>
          </reporter-output>
        </test-method> <!-- invalidLoginDetails -->
        <test-method is-config="true" signature="afterTest()[pri:0, instance:example.TestOne@49d904ec]" started-at="2022-07-11T13:10:37Z" name="afterTest" finished-at="2022-07-11T13:10:40Z" duration-ms="2667" status="PASS">
          <reporter-output>
          </reporter-output>
        </test-method> <!-- afterTest -->
        <test-method is-config="true" signature="afterTest()[pri:0, instance:example.TestTwo@34b7ac2f]" started-at="2022-07-11T13:10:40Z" name="afterTest" finished-at="2022-07-11T13:10:43Z" duration-ms="2655" status="PASS">
          <reporter-output>
          </reporter-output>
        </test-method> <!-- afterTest -->
      </class> <!-- example.TestOne -->
    </test> <!-- Command line test -->
  </suite> <!-- Command line suite -->
</testng-results>
