<?xml version="1.0" encoding="UTF-8"?>
<testng-results total="1" passed="1" failed="0" skipped="0">
  <reporter-output>
  </reporter-output>
  <suite started-at="2022-07-12T12:22:02Z" name="Default suite" finished-at="2022-07-12T12:22:55Z" duration-ms="53034">
    <groups>
    </groups>
    <test started-at="2022-07-12T12:22:02Z" name="Default test" finished-at="2022-07-12T12:22:55Z" duration-ms="53034">
      <class name="example.Test7">
        <test-method is-config="true" signature="beforeTest()[pri:0, instance:example.Test7@484094a5]" started-at="2022-07-12T22:22:02Z" name="beforeTest" finished-at="2022-07-12T22:22:04Z" duration-ms="2323" status="PASS">
          <reporter-output>
          </reporter-output>
        </test-method> <!-- beforeTest -->
        <test-method signature="updateQuantity()[pri:0, instance:example.Test7@484094a5]" started-at="2022-07-12T22:22:04Z" name="updateQuantity" finished-at="2022-07-12T22:22:52Z" duration-ms="47847" status="PASS">
          <reporter-output>
          </reporter-output>
        </test-method> <!-- updateQuantity -->
        <test-method is-config="true" signature="afterTest()[pri:0, instance:example.Test7@484094a5]" started-at="2022-07-12T22:22:52Z" name="afterTest" finished-at="2022-07-12T22:22:55Z" duration-ms="2833" status="PASS">
          <reporter-output>
          </reporter-output>
        </test-method> <!-- afterTest -->
      </class> <!-- example.Test7 -->
    </test> <!-- Default test -->
  </suite> <!-- Default suite -->
</testng-results>
