<?xml version="1.0" encoding="UTF-8"?>
<!-- Generated by org.testng.reporters.JUnitXMLReporter -->
<testsuite hostname="DESKTOP-EIO209H" failures="1" tests="2" name="Command line test" time="13.484" errors="0" timestamp="8 Jul 2022 03:59:13 GMT">
  <testcase classname="example.NewTest" name="invalidLoginDetails" time="5.532">
    <failure type="java.lang.AssertionError" message="expected [Your login details are incorre] but found [Your login details are incorrect]">
      <![CDATA[java.lang.AssertionError: expected [Your login details are incorre] but found [Your login details are incorrect]
	at example.NewTest.invalidLoginDetails(NewTest.java:97)
... Removed 38 stack frames]]>
    </failure>
  </testcase> <!-- invalidLoginDetails -->
  <testcase classname="example.NewTest" name="testCase" time="3.48"/>
</testsuite> <!-- Command line test -->
